Mplus VERSION 7.31 (Linux)
MUTHEN & MUTHEN
09/01/2015   1:22 PM

INPUT INSTRUCTIONS

  TITLE:        	Model 3: Adding covariates to the IS model;
  DATA:    		File is ch7grad1.txt;
  VARIABLE:       Names are id grad1 grad2 grad3 grad4 private prestige;
                 	Usevariables are grad1 grad2 grad3 grad4 private prestige;
  define:  	    center prestige private (grandmean);
  ANALYSIS:       Type = general;
                  Estimator is ML;
          Model:
                  i by grad1@1 grad2@1 grad3@1 grad4@1;
                  s by grad1@0 grad2@1 grad3@2 grad4@3;
                  [grad1-grad4@0 i s];
                  i s on private prestige;
        OUTPUT:  	Sampstat Standardized Tech1;



INPUT READING TERMINATED NORMALLY



Model 3: Adding covariates to the IS model;

SUMMARY OF ANALYSIS

Number of groups                                                 1
Number of observations                                          20

Number of dependent variables                                    4
Number of independent variables                                  2
Number of continuous latent variables                            2

Observed dependent variables

  Continuous
   GRAD1       GRAD2       GRAD3       GRAD4

Observed independent variables
   PRIVATE     PRESTIGE

Continuous latent variables
   I           S

Variables with special functions

  Centering (GRANDMEAN)
   PRESTIGE    PRIVATE


Estimator                                                       ML
Information matrix                                        OBSERVED
Maximum number of iterations                                  1000
Convergence criterion                                    0.500D-04
Maximum number of steepest descent iterations                   20

Input data file(s)
  ch7grad1.txt

Input data format  FREE


SAMPLE STATISTICS


     SAMPLE STATISTICS


           Means
              GRAD1         GRAD2         GRAD3         GRAD4         PRIVATE
              ________      ________      ________      ________      ________
      1        46.350        49.850        54.050        58.800         0.000


           Means
              PRESTIGE
              ________
      1         0.000


           Covariances
              GRAD1         GRAD2         GRAD3         GRAD4         PRIVATE
              ________      ________      ________      ________      ________
 GRAD1        299.928
 GRAD2        276.452       331.428
 GRAD3        211.383       241.958       285.248
 GRAD4        221.370       276.070       244.260       399.760
 PRIVATE        2.243         3.068         3.378         7.140         0.247
 PRESTIGE       1.110         0.360         2.280         1.880         0.070


           Covariances
              PRESTIGE
              ________
 PRESTIGE       0.240


           Correlations
              GRAD1         GRAD2         GRAD3         GRAD4         PRIVATE
              ________      ________      ________      ________      ________
 GRAD1          1.000
 GRAD2          0.877         1.000
 GRAD3          0.723         0.787         1.000
 GRAD4          0.639         0.758         0.723         1.000
 PRIVATE        0.260         0.339         0.402         0.718         1.000
 PRESTIGE       0.131         0.040         0.276         0.192         0.287


           Correlations
              PRESTIGE
              ________
 PRESTIGE       1.000


UNIVARIATE SAMPLE STATISTICS


     UNIVARIATE HIGHER-ORDER MOMENT DESCRIPTIVE STATISTICS

         Variable/         Mean/     Skewness/   Minimum/ % with                Percentiles
        Sample Size      Variance    Kurtosis    Maximum  Min/Max      20%/60%    40%/80%    Median

     GRAD1                46.350       0.579      17.000    5.00%      28.000     39.000     43.500
              20.000     299.927      -0.336      86.000    5.00%      45.000     55.000
     GRAD2                49.850       0.654      22.000   10.00%      33.000     42.000     48.500
              20.000     331.427       0.047      95.000    5.00%      50.000     58.000
     GRAD3                54.050      -0.127      19.000    5.00%      42.000     47.000     54.000
              20.000     285.248      -0.470      86.000    5.00%      57.000     69.000
     GRAD4                58.800      -0.374      17.000    5.00%      36.000     53.000     63.000
              20.000     399.760      -1.002      87.000    5.00%      65.000     77.000
     PRIVATE               0.000       0.201      -0.450   55.00%      -0.450     -0.450     -0.450
              20.000       0.248      -1.960       0.550   45.00%       0.550      0.550
     PRESTIGE              0.000       0.408      -0.400   60.00%      -0.400     -0.400     -0.400
              20.000       0.240      -1.833       0.600   40.00%      -0.400      0.600


THE MODEL ESTIMATION TERMINATED NORMALLY



MODEL FIT INFORMATION

Number of Free Parameters                       13

Loglikelihood

          H0 Value                        -304.361
          H1 Value                        -299.513

Information Criteria

          Akaike (AIC)                     634.721
          Bayesian (BIC)                   647.666
          Sample-Size Adjusted BIC         607.590
            (n* = (n + 2) / 24)

Chi-Square Test of Model Fit

          Value                              9.695
          Degrees of Freedom                     9
          P-Value                           0.3758

RMSEA (Root Mean Square Error Of Approximation)

          Estimate                           0.062
          90 Percent C.I.                    0.000  0.264
          Probability RMSEA <= .05           0.416

CFI/TLI

          CFI                                0.991
          TLI                                0.986

Chi-Square Test of Model Fit for the Baseline Model

          Value                             91.027
          Degrees of Freedom                    14
          P-Value                           0.0000

SRMR (Standardized Root Mean Square Residual)

          Value                              0.118



MODEL RESULTS

                                                    Two-Tailed
                    Estimate       S.E.  Est./S.E.    P-Value

 I        BY
    GRAD1              1.000      0.000    999.000    999.000
    GRAD2              1.000      0.000    999.000    999.000
    GRAD3              1.000      0.000    999.000    999.000
    GRAD4              1.000      0.000    999.000    999.000

 S        BY
    GRAD1              0.000      0.000    999.000    999.000
    GRAD2              1.000      0.000    999.000    999.000
    GRAD3              2.000      0.000    999.000    999.000
    GRAD4              3.000      0.000    999.000    999.000

 I        ON
    PRIVATE            7.233      8.085      0.895      0.371
    PRESTIGE           1.153      8.242      0.140      0.889

 S        ON
    PRIVATE            6.479      2.076      3.121      0.002
    PRESTIGE          -0.432      2.048     -0.211      0.833

 S        WITH
    I                -32.503     19.353     -1.679      0.093

 Intercepts
    GRAD1              0.000      0.000    999.000    999.000
    GRAD2              0.000      0.000    999.000    999.000
    GRAD3              0.000      0.000    999.000    999.000
    GRAD4              0.000      0.000    999.000    999.000
    I                 46.097      3.830     12.036      0.000
    S                  4.159      0.931      4.465      0.000

 Residual Variances
    GRAD1             31.261     35.133      0.890      0.374
    GRAD2             39.230     20.865      1.880      0.060
    GRAD3             99.621     38.258      2.604      0.009
    GRAD4             38.715     37.953      1.020      0.308
    I                268.562     92.831      2.893      0.004
    S                  9.823      8.227      1.194      0.232


STANDARDIZED MODEL RESULTS


STDYX Standardization

                                                    Two-Tailed
                    Estimate       S.E.  Est./S.E.    P-Value

 I        BY
    GRAD1              0.949      0.056     16.962      0.000
    GRAD2              0.970      0.078     12.455      0.000
    GRAD3              0.864      0.123      7.017      0.000
    GRAD4              0.867      0.155      5.602      0.000

 S        BY
    GRAD1              0.000      0.000    999.000    999.000
    GRAD2              0.257      0.079      3.241      0.001
    GRAD3              0.458      0.130      3.530      0.000
    GRAD4              0.689      0.198      3.479      0.001

 I        ON
    PRIVATE            0.214      0.234      0.914      0.361
    PRESTIGE           0.034      0.240      0.140      0.889

 S        ON
    PRIVATE            0.723      0.188      3.857      0.000
    PRESTIGE          -0.048      0.223     -0.213      0.832

 S        WITH
    I                 -0.633      0.213     -2.975      0.003

 Intercepts
    GRAD1              0.000      0.000    999.000    999.000
    GRAD2              0.000      0.000    999.000    999.000
    GRAD3              0.000      0.000    999.000    999.000
    GRAD4              0.000      0.000    999.000    999.000
    I                  2.740      0.523      5.239      0.000
    S                  0.933      0.335      2.785      0.005

 Residual Variances
    GRAD1              0.099      0.106      0.937      0.349
    GRAD2              0.130      0.073      1.793      0.073
    GRAD3              0.263      0.094      2.794      0.005
    GRAD4              0.103      0.108      0.954      0.340
    I                  0.949      0.102      9.309      0.000
    S                  0.494      0.263      1.883      0.060


STDY Standardization

                                                    Two-Tailed
                    Estimate       S.E.  Est./S.E.    P-Value

 I        BY
    GRAD1              0.949      0.056     16.962      0.000
    GRAD2              0.970      0.078     12.455      0.000
    GRAD3              0.864      0.123      7.017      0.000
    GRAD4              0.867      0.155      5.602      0.000

 S        BY
    GRAD1              0.000      0.000    999.000    999.000
    GRAD2              0.257      0.079      3.241      0.001
    GRAD3              0.458      0.130      3.530      0.000
    GRAD4              0.689      0.198      3.479      0.001

 I        ON
    PRIVATE            0.430      0.466      0.923      0.356
    PRESTIGE           0.069      0.490      0.140      0.889

 S        ON
    PRIVATE            1.454      0.377      3.852      0.000
    PRESTIGE          -0.097      0.456     -0.213      0.831

 S        WITH
    I                 -0.633      0.213     -2.975      0.003

 Intercepts
    GRAD1              0.000      0.000    999.000    999.000
    GRAD2              0.000      0.000    999.000    999.000
    GRAD3              0.000      0.000    999.000    999.000
    GRAD4              0.000      0.000    999.000    999.000
    I                  2.740      0.523      5.239      0.000
    S                  0.933      0.335      2.785      0.005

 Residual Variances
    GRAD1              0.099      0.106      0.937      0.349
    GRAD2              0.130      0.073      1.793      0.073
    GRAD3              0.263      0.094      2.794      0.005
    GRAD4              0.103      0.108      0.954      0.340
    I                  0.949      0.102      9.309      0.000
    S                  0.494      0.263      1.883      0.060


STD Standardization

                                                    Two-Tailed
                    Estimate       S.E.  Est./S.E.    P-Value

 I        BY
    GRAD1             16.823      2.892      5.818      0.000
    GRAD2             16.823      2.892      5.818      0.000
    GRAD3             16.823      2.892      5.818      0.000
    GRAD4             16.823      2.892      5.818      0.000

 S        BY
    GRAD1              0.000      0.000    999.000    999.000
    GRAD2              4.457      1.259      3.539      0.000
    GRAD3              8.914      2.519      3.539      0.000
    GRAD4             13.372      3.778      3.539      0.000

 I        ON
    PRIVATE            0.430      0.466      0.923      0.356
    PRESTIGE           0.069      0.490      0.140      0.889

 S        ON
    PRIVATE            1.454      0.377      3.852      0.000
    PRESTIGE          -0.097      0.456     -0.213      0.831

 S        WITH
    I                 -0.633      0.213     -2.975      0.003

 Intercepts
    GRAD1              0.000      0.000    999.000    999.000
    GRAD2              0.000      0.000    999.000    999.000
    GRAD3              0.000      0.000    999.000    999.000
    GRAD4              0.000      0.000    999.000    999.000
    I                  2.740      0.523      5.239      0.000
    S                  0.933      0.335      2.785      0.005

 Residual Variances
    GRAD1             31.261     35.133      0.890      0.374
    GRAD2             39.230     20.865      1.880      0.060
    GRAD3             99.621     38.258      2.604      0.009
    GRAD4             38.715     37.953      1.020      0.308
    I                  0.949      0.102      9.309      0.000
    S                  0.494      0.263      1.883      0.060


R-SQUARE

    Observed                                        Two-Tailed
    Variable        Estimate       S.E.  Est./S.E.    P-Value

    GRAD1              0.901      0.106      8.481      0.000
    GRAD2              0.870      0.073     11.947      0.000
    GRAD3              0.737      0.094      7.842      0.000
    GRAD4              0.897      0.108      8.316      0.000

     Latent                                         Two-Tailed
    Variable        Estimate       S.E.  Est./S.E.    P-Value

    I                  0.051      0.102      0.500      0.617
    S                  0.506      0.263      1.926      0.054


QUALITY OF NUMERICAL RESULTS

     Condition Number for the Information Matrix              0.240E-03
       (ratio of smallest to largest eigenvalue)


TECHNICAL 1 OUTPUT


     PARAMETER SPECIFICATION


           NU
              GRAD1         GRAD2         GRAD3         GRAD4         PRIVATE
              ________      ________      ________      ________      ________
      1           0             0             0             0             0


           NU
              PRESTIGE
              ________
      1           0


           LAMBDA
              I             S             PRIVATE       PRESTIGE
              ________      ________      ________      ________
 GRAD1              0             0             0             0
 GRAD2              0             0             0             0
 GRAD3              0             0             0             0
 GRAD4              0             0             0             0
 PRIVATE            0             0             0             0
 PRESTIGE           0             0             0             0


           THETA
              GRAD1         GRAD2         GRAD3         GRAD4         PRIVATE
              ________      ________      ________      ________      ________
 GRAD1              1
 GRAD2              0             2
 GRAD3              0             0             3
 GRAD4              0             0             0             4
 PRIVATE            0             0             0             0             0
 PRESTIGE           0             0             0             0             0


           THETA
              PRESTIGE
              ________
 PRESTIGE           0


           ALPHA
              I             S             PRIVATE       PRESTIGE
              ________      ________      ________      ________
      1           5             6             0             0


           BETA
              I             S             PRIVATE       PRESTIGE
              ________      ________      ________      ________
 I                  0             0             7             8
 S                  0             0             9            10
 PRIVATE            0             0             0             0
 PRESTIGE           0             0             0             0


           PSI
              I             S             PRIVATE       PRESTIGE
              ________      ________      ________      ________
 I                 11
 S                 12            13
 PRIVATE            0             0             0
 PRESTIGE           0             0             0             0


     STARTING VALUES


           NU
              GRAD1         GRAD2         GRAD3         GRAD4         PRIVATE
              ________      ________      ________      ________      ________
      1         0.000         0.000         0.000         0.000         0.000


           NU
              PRESTIGE
              ________
      1         0.000


           LAMBDA
              I             S             PRIVATE       PRESTIGE
              ________      ________      ________      ________
 GRAD1          1.000         0.000         0.000         0.000
 GRAD2          1.000         1.000         0.000         0.000
 GRAD3          1.000         2.000         0.000         0.000
 GRAD4          1.000         3.000         0.000         0.000
 PRIVATE        0.000         0.000         1.000         0.000
 PRESTIGE       0.000         0.000         0.000         1.000


           THETA
              GRAD1         GRAD2         GRAD3         GRAD4         PRIVATE
              ________      ________      ________      ________      ________
 GRAD1        149.964
 GRAD2          0.000       165.714
 GRAD3          0.000         0.000       142.624
 GRAD4          0.000         0.000         0.000       199.880
 PRIVATE        0.000         0.000         0.000         0.000         0.000
 PRESTIGE       0.000         0.000         0.000         0.000         0.000


           THETA
              PRESTIGE
              ________
 PRESTIGE       0.000


           ALPHA
              I             S             PRIVATE       PRESTIGE
              ________      ________      ________      ________
      1         0.000         0.000         0.000         0.000


           BETA
              I             S             PRIVATE       PRESTIGE
              ________      ________      ________      ________
 I              0.000         0.000         0.000         0.000
 S              0.000         0.000         0.000         0.000
 PRIVATE        0.000         0.000         0.000         0.000
 PRESTIGE       0.000         0.000         0.000         0.000


           PSI
              I             S             PRIVATE       PRESTIGE
              ________      ________      ________      ________
 I              0.050
 S              0.000         0.050
 PRIVATE        0.000         0.000         0.247
 PRESTIGE       0.000         0.000         0.070         0.240


     Beginning Time:  13:22:36
        Ending Time:  13:22:37
       Elapsed Time:  00:00:01



MUTHEN & MUTHEN
3463 Stoner Ave.
Los Angeles, CA  90066

Tel: (310) 391-9971
Fax: (310) 391-8971
Web: www.StatModel.com
Support: Support@StatModel.com

Copyright (c) 1998-2015 Muthen & Muthen
