Mplus VERSION 7.31 (Linux)
MUTHEN & MUTHEN
08/25/2015   2:50 PM

INPUT INSTRUCTIONS

  TITLE:    	    Model 2:  Adding covariates to growth model;
  DATA:      	    File is ch7ex1.dat;
                	Format is 3f8.0, f4.0,2f8.0;
  VARIABLE:       Names are id private prestige index1 graduate growrate;
                  Usevariables are id graduate growrate private prestige;
    	            cluster = id;
                  within= growrate;
                  between = private prestige;
      define:     center private prestige(grand);
  ANALYSIS:   	Type = twolevel random;
                  Estimator is ML;
      Model:
                  %between%
                  graduate on private prestige;
                  S on private prestige;
                  graduate with S;
                  %within%
                  S | graduate on growrate;
   !OUTPUT:      	sampstat tech1;




INPUT READING TERMINATED NORMALLY



Model 2:  Adding covariates to growth model;

SUMMARY OF ANALYSIS

Number of groups                                                 1
Number of observations                                          80

Number of dependent variables                                    1
Number of independent variables                                  3
Number of continuous latent variables                            1

Observed dependent variables

  Continuous
   GRADUATE

Observed independent variables
   GROWRATE    PRIVATE     PRESTIGE

Continuous latent variables
   S

Variables with special functions

  Cluster variable      ID

  Within variables
   GROWRATE

  Between variables
   PRIVATE     PRESTIGE

  Centering (GRANDMEAN)
   PRESTIGE


Estimator                                                       ML
Information matrix                                        OBSERVED
Maximum number of iterations                                   100
Convergence criterion                                    0.100D-05
Maximum number of EM iterations                                500
Convergence criteria for the EM algorithm
  Loglikelihood change                                   0.100D-02
  Relative loglikelihood change                          0.100D-05
  Derivative                                             0.100D-03
Minimum variance                                         0.100D-03
Maximum number of steepest descent iterations                   20
Maximum number of iterations for H1                           2000
Convergence criterion for H1                             0.100D-03
Optimization algorithm                                         EMA

Input data file(s)
  ch7ex1.dat
Input data format
  (3F8.0, F4.0,2F8.0)


SUMMARY OF DATA

     Number of clusters                         20

     Average cluster size        4.000

     Estimated Intraclass Correlations for the Y Variables

                Intraclass              Intraclass
     Variable  Correlation   Variable  Correlation

     GRADUATE     0.699




THE MODEL ESTIMATION TERMINATED NORMALLY



MODEL FIT INFORMATION

Number of Free Parameters                       10

Loglikelihood

          H0 Value                        -306.028

Information Criteria

          Akaike (AIC)                     632.057
          Bayesian (BIC)                   655.877
          Sample-Size Adjusted BIC         624.343
            (n* = (n + 2) / 24)



MODEL RESULTS

                                                    Two-Tailed
                    Estimate       S.E.  Est./S.E.    P-Value

Within Level

 Residual Variances
    GRADUATE          59.855     13.388      4.471      0.000

Between Level

 S          ON
    PRIVATE            6.059      1.954      3.100      0.002
    PRESTIGE          -0.003      1.985     -0.001      0.999

 GRADUATE   ON
    PRIVATE            6.529      8.052      0.811      0.417
    PRESTIGE           1.313      8.177      0.161      0.872

 GRADUATE WITH
    S                -25.697     19.146     -1.342      0.180

 Intercepts
    GRADUATE          46.028      3.837     11.995      0.000
    S                  4.156      0.931      4.463      0.000

 Residual Variances
    GRADUATE         252.586     93.582      2.699      0.007
    S                  5.374      6.101      0.881      0.378


QUALITY OF NUMERICAL RESULTS

     Condition Number for the Information Matrix              0.841E-05
       (ratio of smallest to largest eigenvalue)


     Beginning Time:  14:50:48
        Ending Time:  14:50:48
       Elapsed Time:  00:00:00



MUTHEN & MUTHEN
3463 Stoner Ave.
Los Angeles, CA  90066

Tel: (310) 391-9971
Fax: (310) 391-8971
Web: www.StatModel.com
Support: Support@StatModel.com

Copyright (c) 1998-2015 Muthen & Muthen
