Mplus VERSION 7.31 (Linux)
MUTHEN & MUTHEN
08/24/2015   2:40 PM

INPUT INSTRUCTIONS

  TITLE: Your title goes here
  DATA: FILE = "curran.dat";
  VARIABLE:
  NAMES = id kidgen momage kidage homecog homeemo
  occasion anti read kidagetv kidage6
       kidagesq kidagec occasion2;
  Usevariables are id read kidage6 kidagesq;
  Missing are all .;
               	cluster = id;
               	within= kidage6 kidagesq;
               	between = ;
  ANALYSIS:     Type = twolevel random;
               	Estimator is ML;
    Model:

               	%between%
               	read;
               	%within%
               	read ON kidage6 kidagesq;



*** WARNING
  Data set contains cases with missing on all variables except
  x-variables.  These cases were not included in the analysis.
  Number of cases with missing on all variables except x-variables:  68
   1 WARNING(S) FOUND IN THE INPUT INSTRUCTIONS



Your title goes here

SUMMARY OF ANALYSIS

Number of groups                                                 1
Number of observations                                        1325

Number of dependent variables                                    1
Number of independent variables                                  2
Number of continuous latent variables                            0

Observed dependent variables

  Continuous
   READ

Observed independent variables
   KIDAGE6     KIDAGESQ

Variables with special functions

  Cluster variable      ID

  Within variables
   KIDAGE6     KIDAGESQ


Estimator                                                       ML
Information matrix                                        OBSERVED
Maximum number of iterations                                   100
Convergence criterion                                    0.100D-05
Maximum number of EM iterations                                500
Convergence criteria for the EM algorithm
  Loglikelihood change                                   0.100D-02
  Relative loglikelihood change                          0.100D-05
  Derivative                                             0.100D-03
Minimum variance                                         0.100D-03
Maximum number of steepest descent iterations                   20
Maximum number of iterations for H1                           2000
Convergence criterion for H1                             0.100D-03
Optimization algorithm                                         EMA

Input data file(s)
  curran.dat
Input data format  FREE


SUMMARY OF DATA

     Number of missing data patterns             1
     Number of clusters                        405

     Average cluster size        3.272

     Estimated Intraclass Correlations for the Y Variables

                Intraclass
     Variable  Correlation

     READ         0.243



COVARIANCE COVERAGE OF DATA

Minimum covariance coverage value   0.100


     PROPORTION OF DATA PRESENT


           Covariance Coverage
              READ          KIDAGE6       KIDAGESQ
              ________      ________      ________
 READ           1.000
 KIDAGE6        1.000         1.000
 KIDAGESQ       1.000         1.000         1.000



THE MODEL ESTIMATION TERMINATED NORMALLY



MODEL FIT INFORMATION

Number of Free Parameters                        5

Loglikelihood

          H0 Value                       -1622.524
          H1 Value                       -1622.524

Information Criteria

          Akaike (AIC)                    3255.049
          Bayesian (BIC)                  3280.995
          Sample-Size Adjusted BIC        3265.112
            (n* = (n + 2) / 24)

Chi-Square Test of Model Fit

          Value                              0.000
          Degrees of Freedom                     0
          P-Value                           1.0000

RMSEA (Root Mean Square Error Of Approximation)

          Estimate                           0.000

CFI/TLI

          CFI                                1.000
          TLI                                1.000

Chi-Square Test of Model Fit for the Baseline Model

          Value                           1806.782
          Degrees of Freedom                     2
          P-Value                           0.0000

SRMR (Standardized Root Mean Square Residual)

          Value for Within                   0.000
          Value for Between                  0.000



MODEL RESULTS

                                                    Two-Tailed
                    Estimate       S.E.  Est./S.E.    P-Value

Within Level

 READ       ON
    KIDAGE6            0.927      0.029     32.205      0.000
    KIDAGESQ          -0.049      0.004    -13.560      0.000

 Residual Variances
    READ               0.386      0.018     21.515      0.000

Between Level

 Means
    READ               1.742      0.061     28.425      0.000

 Variances
    READ               0.657      0.055     11.901      0.000


QUALITY OF NUMERICAL RESULTS

     Condition Number for the Information Matrix              0.606E-04
       (ratio of smallest to largest eigenvalue)


     Beginning Time:  14:40:08
        Ending Time:  14:40:08
       Elapsed Time:  00:00:00



MUTHEN & MUTHEN
3463 Stoner Ave.
Los Angeles, CA  90066

Tel: (310) 391-9971
Fax: (310) 391-8971
Web: www.StatModel.com
Support: Support@StatModel.com

Copyright (c) 1998-2015 Muthen & Muthen
