Mplus VERSION 7.31 (Linux)
MUTHEN & MUTHEN
07/12/2015   1:43 PM

INPUT INSTRUCTIONS

  TITLE:		Model 2: Level-1 random intercept model;
  DATA:		FILE IS ch3new.dat;
  		    Format is 5f8.0,3f8.2;
  VARIABLE:	Names are deptid morale satpay female white pctbelow lev1wt
              lev2wt ;
  		    Usevariables are deptid morale satpay female white;
  		    Cluster is deptid;
  		    Between = ;
  		    Within = satpay female white;
  Define:		Center satpay  (grand); ! female white
  ANALYSIS:	Type=Twolevel;
  Model:		%Between%
  		    morale;
  		    %Within%
  		    morale on satpay female white;
  OUTPUT:	    SAMPSTAT TECH1;	



INPUT READING TERMINATED NORMALLY



Model 2: Level-1 random intercept model;

SUMMARY OF ANALYSIS

Number of groups                                                 1
Number of observations                                       13189

Number of dependent variables                                    1
Number of independent variables                                  3
Number of continuous latent variables                            0

Observed dependent variables

  Continuous
   MORALE

Observed independent variables
   SATPAY      FEMALE      WHITE

Variables with special functions

  Cluster variable      DEPTID

  Within variables
   SATPAY      FEMALE      WHITE

  Centering (GRANDMEAN)
   SATPAY


Estimator                                                      MLR
Information matrix                                        OBSERVED
Maximum number of iterations                                   100
Convergence criterion                                    0.100D-05
Maximum number of EM iterations                                500
Convergence criteria for the EM algorithm
  Loglikelihood change                                   0.100D-02
  Relative loglikelihood change                          0.100D-05
  Derivative                                             0.100D-03
Minimum variance                                         0.100D-03
Maximum number of steepest descent iterations                   20
Maximum number of iterations for H1                           2000
Convergence criterion for H1                             0.100D-03
Optimization algorithm                                         EMA

Input data file(s)
  ch3new.dat
Input data format
  (5F8.0,3F8.2)


SUMMARY OF DATA

     Number of clusters                        165

     Average cluster size       79.933

     Estimated Intraclass Correlations for the Y Variables

                Intraclass
     Variable  Correlation

     MORALE       0.050



SAMPLE STATISTICS

NOTE:  The sample statistics for within and between refer to the
       maximum-likelihood estimated within and between covariance
       matrices, respectively.


     ESTIMATED SAMPLE STATISTICS FOR WITHIN


           Means
              MORALE        SATPAY        FEMALE        WHITE
              ________      ________      ________      ________
 1              0.000         0.000         0.486         0.446


           Covariances
              MORALE        SATPAY        FEMALE        WHITE
              ________      ________      ________      ________
 MORALE        35.090
 SATPAY        14.220        11.659
 FEMALE         0.251         0.210         0.250
 WHITE          0.505         0.232        -0.001         0.247


           Correlations
              MORALE        SATPAY        FEMALE        WHITE
              ________      ________      ________      ________
 MORALE         1.000
 SATPAY         0.703         1.000
 FEMALE         0.085         0.123         1.000
 WHITE          0.171         0.136        -0.004         1.000


     ESTIMATED SAMPLE STATISTICS FOR BETWEEN


           Means
              MORALE        SATPAY        FEMALE        WHITE
              ________      ________      ________      ________
 1             26.429         0.000         0.000         0.000


           Covariances
              MORALE        SATPAY        FEMALE        WHITE
              ________      ________      ________      ________
 MORALE         1.848
 SATPAY         0.000         0.000
 FEMALE         0.000         0.000         0.000
 WHITE          0.000         0.000         0.000         0.000


           Correlations
              MORALE        SATPAY        FEMALE        WHITE
              ________      ________      ________      ________
 MORALE         1.000
 SATPAY         0.000         0.000
 FEMALE         0.000         0.000         0.000
 WHITE          0.000         0.000         0.000         0.000


UNIVARIATE SAMPLE STATISTICS


     UNIVARIATE HIGHER-ORDER MOMENT DESCRIPTIVE STATISTICS

         Variable/         Mean/     Skewness/   Minimum/ % with                Percentiles
        Sample Size      Variance    Kurtosis    Maximum  Min/Max      20%/60%    40%/80%    Median

     MORALE               26.360      -0.195      11.000    0.64%      21.000     25.000     27.000
           13189.000      38.206      -0.420      40.000    0.26%      28.000     32.000
     SATPAY                0.000      -0.267      -8.882    0.46%      -2.882     -0.882      0.118
           13189.000      11.659      -0.550       7.118    0.86%       1.118      3.118
     FEMALE                0.486       0.055       0.000   51.38%       0.000      0.000      0.000
           13189.000       0.250      -1.997       1.000   48.62%       1.000      1.000
     WHITE                 0.446       0.217       0.000   55.39%       0.000      0.000      0.000
           13189.000       0.247      -1.953       1.000   44.61%       1.000      1.000


THE MODEL ESTIMATION TERMINATED NORMALLY



MODEL FIT INFORMATION

Number of Free Parameters                        6

Loglikelihood

          H0 Value                      -37783.498
          H0 Scaling Correction Factor      1.1768
            for MLR
          H1 Value                      -37783.497
          H1 Scaling Correction Factor      1.1768
            for MLR

Information Criteria

          Akaike (AIC)                   75578.995
          Bayesian (BIC)                 75623.918
          Sample-Size Adjusted BIC       75604.851
            (n* = (n + 2) / 24)

Chi-Square Test of Model Fit

          Value                              0.001*
          Degrees of Freedom                     0
          P-Value                           0.0000
          Scaling Correction Factor         1.0000
            for MLR

*   The chi-square value for MLM, MLMV, MLR, ULSMV, WLSM and WLSMV cannot be used
    for chi-square difference testing in the regular way.  MLM, MLR and WLSM
    chi-square difference testing is described on the Mplus website.  MLMV, WLSMV,
    and ULSMV difference testing is done using the DIFFTEST option.

RMSEA (Root Mean Square Error Of Approximation)

          Estimate                           0.000

CFI/TLI

          CFI                                1.000
          TLI                                1.000

Chi-Square Test of Model Fit for the Baseline Model

          Value                           8187.578
          Degrees of Freedom                     3
          P-Value                           0.0000

SRMR (Standardized Root Mean Square Residual)

          Value for Within                   0.000
          Value for Between                  0.000



MODEL RESULTS

                                                    Two-Tailed
                    Estimate       S.E.  Est./S.E.    P-Value

Within Level

 MORALE     ON
    SATPAY             1.201      0.014     85.736      0.000
    FEMALE            -0.001      0.063     -0.019      0.985
    WHITE              0.914      0.082     11.155      0.000

 Residual Variances
    MORALE            17.544      0.288     60.851      0.000

Between Level

 Means
    MORALE            26.023      0.124    209.084      0.000

 Variances
    MORALE             1.848      0.230      8.038      0.000


QUALITY OF NUMERICAL RESULTS

     Condition Number for the Information Matrix              0.233E-04
       (ratio of smallest to largest eigenvalue)


TECHNICAL 1 OUTPUT


     PARAMETER SPECIFICATION FOR WITHIN


           NU
              MORALE        SATPAY        FEMALE        WHITE
              ________      ________      ________      ________
 1                  0             0             0             0


           LAMBDA
              MORALE        SATPAY        FEMALE        WHITE
              ________      ________      ________      ________
 MORALE             0             0             0             0
 SATPAY             0             0             0             0
 FEMALE             0             0             0             0
 WHITE              0             0             0             0


           THETA
              MORALE        SATPAY        FEMALE        WHITE
              ________      ________      ________      ________
 MORALE             0
 SATPAY             0             0
 FEMALE             0             0             0
 WHITE              0             0             0             0


           ALPHA
              MORALE        SATPAY        FEMALE        WHITE
              ________      ________      ________      ________
 1                  0             0             0             0


           BETA
              MORALE        SATPAY        FEMALE        WHITE
              ________      ________      ________      ________
 MORALE             0             1             2             3
 SATPAY             0             0             0             0
 FEMALE             0             0             0             0
 WHITE              0             0             0             0


           PSI
              MORALE        SATPAY        FEMALE        WHITE
              ________      ________      ________      ________
 MORALE             4
 SATPAY             0             0
 FEMALE             0             0             0
 WHITE              0             0             0             0


     PARAMETER SPECIFICATION FOR BETWEEN


           NU
              MORALE        SATPAY        FEMALE        WHITE
              ________      ________      ________      ________
 1                  0             0             0             0


           LAMBDA
              MORALE        SATPAY        FEMALE        WHITE
              ________      ________      ________      ________
 MORALE             0             0             0             0
 SATPAY             0             0             0             0
 FEMALE             0             0             0             0
 WHITE              0             0             0             0


           THETA
              MORALE        SATPAY        FEMALE        WHITE
              ________      ________      ________      ________
 MORALE             0
 SATPAY             0             0
 FEMALE             0             0             0
 WHITE              0             0             0             0


           ALPHA
              MORALE        SATPAY        FEMALE        WHITE
              ________      ________      ________      ________
 1                  5             0             0             0


           BETA
              MORALE        SATPAY        FEMALE        WHITE
              ________      ________      ________      ________
 MORALE             0             0             0             0
 SATPAY             0             0             0             0
 FEMALE             0             0             0             0
 WHITE              0             0             0             0


           PSI
              MORALE        SATPAY        FEMALE        WHITE
              ________      ________      ________      ________
 MORALE             6
 SATPAY             0             0
 FEMALE             0             0             0
 WHITE              0             0             0             0


     STARTING VALUES FOR WITHIN


           NU
              MORALE        SATPAY        FEMALE        WHITE
              ________      ________      ________      ________
 1              0.000         0.000         0.000         0.000


           LAMBDA
              MORALE        SATPAY        FEMALE        WHITE
              ________      ________      ________      ________
 MORALE         1.000         0.000         0.000         0.000
 SATPAY         0.000         1.000         0.000         0.000
 FEMALE         0.000         0.000         1.000         0.000
 WHITE          0.000         0.000         0.000         1.000


           THETA
              MORALE        SATPAY        FEMALE        WHITE
              ________      ________      ________      ________
 MORALE         0.000
 SATPAY         0.000         0.000
 FEMALE         0.000         0.000         0.000
 WHITE          0.000         0.000         0.000         0.000


           ALPHA
              MORALE        SATPAY        FEMALE        WHITE
              ________      ________      ________      ________
 1              0.000         0.000         0.000         0.000


           BETA
              MORALE        SATPAY        FEMALE        WHITE
              ________      ________      ________      ________
 MORALE         0.000         0.000         0.000         0.000
 SATPAY         0.000         0.000         0.000         0.000
 FEMALE         0.000         0.000         0.000         0.000
 WHITE          0.000         0.000         0.000         0.000


           PSI
              MORALE        SATPAY        FEMALE        WHITE
              ________      ________      ________      ________
 MORALE        19.103
 SATPAY         0.000         5.830
 FEMALE         0.000         0.000         0.125
 WHITE          0.000         0.000         0.000         0.124


     STARTING VALUES FOR BETWEEN


           NU
              MORALE        SATPAY        FEMALE        WHITE
              ________      ________      ________      ________
 1              0.000         0.000         0.000         0.000


           LAMBDA
              MORALE        SATPAY        FEMALE        WHITE
              ________      ________      ________      ________
 MORALE         1.000         0.000         0.000         0.000
 SATPAY         0.000         1.000         0.000         0.000
 FEMALE         0.000         0.000         1.000         0.000
 WHITE          0.000         0.000         0.000         1.000


           THETA
              MORALE        SATPAY        FEMALE        WHITE
              ________      ________      ________      ________
 MORALE         0.000
 SATPAY         0.000         0.000
 FEMALE         0.000         0.000         0.000
 WHITE          0.000         0.000         0.000         0.000


           ALPHA
              MORALE        SATPAY        FEMALE        WHITE
              ________      ________      ________      ________
 1             26.360         0.000         0.000         0.000


           BETA
              MORALE        SATPAY        FEMALE        WHITE
              ________      ________      ________      ________
 MORALE         0.000         0.000         0.000         0.000
 SATPAY         0.000         0.000         0.000         0.000
 FEMALE         0.000         0.000         0.000         0.000
 WHITE          0.000         0.000         0.000         0.000


           PSI
              MORALE        SATPAY        FEMALE        WHITE
              ________      ________      ________      ________
 MORALE        19.103
 SATPAY         0.000         0.000
 FEMALE         0.000         0.000         0.000
 WHITE          0.000         0.000         0.000         0.000


     Beginning Time:  13:43:43
        Ending Time:  13:43:47
       Elapsed Time:  00:00:04



MUTHEN & MUTHEN
3463 Stoner Ave.
Los Angeles, CA  90066

Tel: (310) 391-9971
Fax: (310) 391-8971
Web: www.StatModel.com
Support: Support@StatModel.com

Copyright (c) 1998-2015 Muthen & Muthen
